00:31:02.015 INFO  [File:StartupInfoLogger.java] [Func:logStarting] [Line:55] [Message:Starting TogetUpApplicationTests using Java 11.0.14.1 on DESKTOP-1G8QNHU with PID 19104 (started by anyti in C:\Users\anyti\IdeaProjects\TogetUp_Server)]- Starting TogetUpApplicationTests using Java 11.0.14.1 on DESKTOP-1G8QNHU with PID 19104 (started by anyti in C:\Users\anyti\IdeaProjects\TogetUp_Server)
00:31:02.026 INFO  [File:SpringApplication.java] [Func:logStartupProfileInfo] [Line:637] [Message:The following 2 profiles are active: "oauth", "dev"]- The following 2 profiles are active: "oauth", "dev"
00:31:11.170 INFO  [File:StartupInfoLogger.java] [Func:logStarted] [Line:61] [Message:Started TogetUpApplicationTests in 9.573 seconds (JVM running for 11.376)]- Started TogetUpApplicationTests in 9.573 seconds (JVM running for 11.376)
00:31:11.357 INFO  [File:StartupInfoLogger.java] [Func:logStarting] [Line:55] [Message:Starting AlarmControllerTest using Java 11.0.14.1 on DESKTOP-1G8QNHU with PID 19104 (started by anyti in C:\Users\anyti\IdeaProjects\TogetUp_Server)]- Starting AlarmControllerTest using Java 11.0.14.1 on DESKTOP-1G8QNHU with PID 19104 (started by anyti in C:\Users\anyti\IdeaProjects\TogetUp_Server)
00:31:11.357 INFO  [File:SpringApplication.java] [Func:logStartupProfileInfo] [Line:637] [Message:The following 2 profiles are active: "oauth", "dev"]- The following 2 profiles are active: "oauth", "dev"
00:31:12.280 INFO  [File:StartupInfoLogger.java] [Func:logStarted] [Line:61] [Message:Started AlarmControllerTest in 0.963 seconds (JVM running for 12.486)]- Started AlarmControllerTest in 0.963 seconds (JVM running for 12.486)
00:36:03.941 INFO  [File:StartupInfoLogger.java] [Func:logStarting] [Line:55] [Message:Starting TogetUpApplication using Java 11.0.14.1 on DESKTOP-1G8QNHU with PID 4932 (C:\Users\anyti\IdeaProjects\TogetUp_Server\build\classes\java\main started by anyti in C:\Users\anyti\IdeaProjects\TogetUp_Server)]- Starting TogetUpApplication using Java 11.0.14.1 on DESKTOP-1G8QNHU with PID 4932 (C:\Users\anyti\IdeaProjects\TogetUp_Server\build\classes\java\main started by anyti in C:\Users\anyti\IdeaProjects\TogetUp_Server)
00:36:03.942 INFO  [File:SpringApplication.java] [Func:logStartupProfileInfo] [Line:637] [Message:The following 2 profiles are active: "oauth", "local"]- The following 2 profiles are active: "oauth", "local"
00:36:15.979 INFO  [File:StartupInfoLogger.java] [Func:logStarting] [Line:55] [Message:Starting TogetUpApplication using Java 11.0.14.1 on DESKTOP-1G8QNHU with PID 25560 (C:\Users\anyti\IdeaProjects\TogetUp_Server\build\classes\java\main started by anyti in C:\Users\anyti\IdeaProjects\TogetUp_Server)]- Starting TogetUpApplication using Java 11.0.14.1 on DESKTOP-1G8QNHU with PID 25560 (C:\Users\anyti\IdeaProjects\TogetUp_Server\build\classes\java\main started by anyti in C:\Users\anyti\IdeaProjects\TogetUp_Server)
00:36:15.980 INFO  [File:SpringApplication.java] [Func:logStartupProfileInfo] [Line:637] [Message:The following 2 profiles are active: "oauth", "local"]- The following 2 profiles are active: "oauth", "local"
00:36:32.193 INFO  [File:StartupInfoLogger.java] [Func:logStarting] [Line:55] [Message:Starting TogetUpApplication using Java 11.0.14.1 on DESKTOP-1G8QNHU with PID 20512 (C:\Users\anyti\IdeaProjects\TogetUp_Server\build\classes\java\main started by anyti in C:\Users\anyti\IdeaProjects\TogetUp_Server)]- Starting TogetUpApplication using Java 11.0.14.1 on DESKTOP-1G8QNHU with PID 20512 (C:\Users\anyti\IdeaProjects\TogetUp_Server\build\classes\java\main started by anyti in C:\Users\anyti\IdeaProjects\TogetUp_Server)
00:36:32.194 INFO  [File:SpringApplication.java] [Func:logStartupProfileInfo] [Line:637] [Message:The following 2 profiles are active: "oauth", "local"]- The following 2 profiles are active: "oauth", "local"
00:36:37.495 INFO  [File:StartupInfoLogger.java] [Func:logStarted] [Line:61] [Message:Started TogetUpApplication in 5.652 seconds (JVM running for 7.134)]- Started TogetUpApplication in 5.652 seconds (JVM running for 7.134)
00:37:34.423 INFO  [File:StartupInfoLogger.java] [Func:logStarting] [Line:55] [Message:Starting TogetUpApplication using Java 11.0.14.1 on DESKTOP-1G8QNHU with PID 29900 (C:\Users\anyti\IdeaProjects\TogetUp_Server\build\classes\java\main started by anyti in C:\Users\anyti\IdeaProjects\TogetUp_Server)]- Starting TogetUpApplication using Java 11.0.14.1 on DESKTOP-1G8QNHU with PID 29900 (C:\Users\anyti\IdeaProjects\TogetUp_Server\build\classes\java\main started by anyti in C:\Users\anyti\IdeaProjects\TogetUp_Server)
00:37:34.424 INFO  [File:SpringApplication.java] [Func:logStartupProfileInfo] [Line:637] [Message:The following 2 profiles are active: "oauth", "local"]- The following 2 profiles are active: "oauth", "local"
00:37:39.767 INFO  [File:StartupInfoLogger.java] [Func:logStarted] [Line:61] [Message:Started TogetUpApplication in 5.697 seconds (JVM running for 7.095)]- Started TogetUpApplication in 5.697 seconds (JVM running for 7.095)
00:40:03.647 INFO  [File:StartupInfoLogger.java] [Func:logStarting] [Line:55] [Message:Starting TogetUpApplication using Java 11.0.19 on DESKTOP-1G8QNHU with PID 5240 (C:\Users\anyti\IdeaProjects\TogetUp_Server\build\classes\java\main started by anyti in C:\Users\anyti\IdeaProjects\TogetUp_Server)]- Starting TogetUpApplication using Java 11.0.19 on DESKTOP-1G8QNHU with PID 5240 (C:\Users\anyti\IdeaProjects\TogetUp_Server\build\classes\java\main started by anyti in C:\Users\anyti\IdeaProjects\TogetUp_Server)
00:40:03.647 INFO  [File:SpringApplication.java] [Func:logStartupProfileInfo] [Line:637] [Message:The following 2 profiles are active: "oauth", "local"]- The following 2 profiles are active: "oauth", "local"
00:44:12.962 INFO  [File:StartupInfoLogger.java] [Func:logStarting] [Line:55] [Message:Starting TogetUpApplication using Java 11.0.19 on DESKTOP-1G8QNHU with PID 25320 (C:\Users\anyti\IdeaProjects\TogetUp_Server\build\classes\java\main started by anyti in C:\Users\anyti\IdeaProjects\TogetUp_Server)]- Starting TogetUpApplication using Java 11.0.19 on DESKTOP-1G8QNHU with PID 25320 (C:\Users\anyti\IdeaProjects\TogetUp_Server\build\classes\java\main started by anyti in C:\Users\anyti\IdeaProjects\TogetUp_Server)
00:44:12.963 INFO  [File:SpringApplication.java] [Func:logStartupProfileInfo] [Line:637] [Message:The following 2 profiles are active: "oauth", "local2"]- The following 2 profiles are active: "oauth", "local2"
00:44:17.809 INFO  [File:StartupInfoLogger.java] [Func:logStarted] [Line:61] [Message:Started TogetUpApplication in 5.196 seconds (JVM running for 6.648)]- Started TogetUpApplication in 5.196 seconds (JVM running for 6.648)
00:53:19.143 INFO  [File:StartupInfoLogger.java] [Func:logStarting] [Line:55] [Message:Starting TogetUpApplication using Java 11.0.14.1 on DESKTOP-1G8QNHU with PID 30476 (C:\Users\anyti\IdeaProjects\TogetUp_Server\build\classes\java\main started by anyti in C:\Users\anyti\IdeaProjects\TogetUp_Server)]- Starting TogetUpApplication using Java 11.0.14.1 on DESKTOP-1G8QNHU with PID 30476 (C:\Users\anyti\IdeaProjects\TogetUp_Server\build\classes\java\main started by anyti in C:\Users\anyti\IdeaProjects\TogetUp_Server)
00:53:19.144 INFO  [File:SpringApplication.java] [Func:logStartupProfileInfo] [Line:637] [Message:The following 2 profiles are active: "oauth", "local2"]- The following 2 profiles are active: "oauth", "local2"
00:53:24.024 INFO  [File:StartupInfoLogger.java] [Func:logStarted] [Line:61] [Message:Started TogetUpApplication in 5.247 seconds (JVM running for 6.808)]- Started TogetUpApplication in 5.247 seconds (JVM running for 6.808)
00:56:23.395 INFO  [File:StartupInfoLogger.java] [Func:logStarting] [Line:55] [Message:Starting TogetUpApplication using Java 11.0.14.1 on DESKTOP-1G8QNHU with PID 15080 (C:\Users\anyti\IdeaProjects\TogetUp_Server\build\classes\java\main started by anyti in C:\Users\anyti\IdeaProjects\TogetUp_Server)]- Starting TogetUpApplication using Java 11.0.14.1 on DESKTOP-1G8QNHU with PID 15080 (C:\Users\anyti\IdeaProjects\TogetUp_Server\build\classes\java\main started by anyti in C:\Users\anyti\IdeaProjects\TogetUp_Server)
00:56:23.397 INFO  [File:SpringApplication.java] [Func:logStartupProfileInfo] [Line:637] [Message:The following 2 profiles are active: "oauth", "local2"]- The following 2 profiles are active: "oauth", "local2"
00:56:28.248 INFO  [File:StartupInfoLogger.java] [Func:logStarted] [Line:61] [Message:Started TogetUpApplication in 5.194 seconds (JVM running for 6.595)]- Started TogetUpApplication in 5.194 seconds (JVM running for 6.595)
00:58:23.357 INFO  [File:StartupInfoLogger.java] [Func:logStarting] [Line:55] [Message:Starting TogetUpApplication using Java 11.0.14.1 on DESKTOP-1G8QNHU with PID 14404 (C:\Users\anyti\IdeaProjects\TogetUp_Server\build\classes\java\main started by anyti in C:\Users\anyti\IdeaProjects\TogetUp_Server)]- Starting TogetUpApplication using Java 11.0.14.1 on DESKTOP-1G8QNHU with PID 14404 (C:\Users\anyti\IdeaProjects\TogetUp_Server\build\classes\java\main started by anyti in C:\Users\anyti\IdeaProjects\TogetUp_Server)
00:58:23.360 INFO  [File:SpringApplication.java] [Func:logStartupProfileInfo] [Line:637] [Message:The following 2 profiles are active: "oauth", "local2"]- The following 2 profiles are active: "oauth", "local2"
00:58:28.129 INFO  [File:StartupInfoLogger.java] [Func:logStarted] [Line:61] [Message:Started TogetUpApplication in 5.107 seconds (JVM running for 6.474)]- Started TogetUpApplication in 5.107 seconds (JVM running for 6.474)
01:10:22.841 INFO  [File:StartupInfoLogger.java] [Func:logStarting] [Line:55] [Message:Starting TogetUpApplication using Java 11.0.19 on DESKTOP-1G8QNHU with PID 27776 (C:\Users\anyti\IdeaProjects\TogetUp_Server\build\classes\java\main started by anyti in C:\Users\anyti\IdeaProjects\TogetUp_Server)]- Starting TogetUpApplication using Java 11.0.19 on DESKTOP-1G8QNHU with PID 27776 (C:\Users\anyti\IdeaProjects\TogetUp_Server\build\classes\java\main started by anyti in C:\Users\anyti\IdeaProjects\TogetUp_Server)
01:10:22.842 INFO  [File:SpringApplication.java] [Func:logStartupProfileInfo] [Line:637] [Message:The following 2 profiles are active: "oauth", "local2"]- The following 2 profiles are active: "oauth", "local2"
01:10:28.526 INFO  [File:StartupInfoLogger.java] [Func:logStarted] [Line:61] [Message:Started TogetUpApplication in 6.06 seconds (JVM running for 7.71)]- Started TogetUpApplication in 6.06 seconds (JVM running for 7.71)
01:11:40.481 INFO  [File:StartupInfoLogger.java] [Func:logStarting] [Line:55] [Message:Starting TogetUpApplication using Java 11.0.19 on DESKTOP-1G8QNHU with PID 31432 (C:\Users\anyti\IdeaProjects\TogetUp_Server\build\classes\java\main started by anyti in C:\Users\anyti\IdeaProjects\TogetUp_Server)]- Starting TogetUpApplication using Java 11.0.19 on DESKTOP-1G8QNHU with PID 31432 (C:\Users\anyti\IdeaProjects\TogetUp_Server\build\classes\java\main started by anyti in C:\Users\anyti\IdeaProjects\TogetUp_Server)
01:11:40.483 INFO  [File:SpringApplication.java] [Func:logStartupProfileInfo] [Line:637] [Message:The following 2 profiles are active: "oauth", "local2"]- The following 2 profiles are active: "oauth", "local2"
01:11:45.274 INFO  [File:StartupInfoLogger.java] [Func:logStarted] [Line:61] [Message:Started TogetUpApplication in 5.126 seconds (JVM running for 6.572)]- Started TogetUpApplication in 5.126 seconds (JVM running for 6.572)
01:15:42.266 INFO  [File:StartupInfoLogger.java] [Func:logStarting] [Line:55] [Message:Starting TogetUpApplication using Java 11.0.19 on DESKTOP-1G8QNHU with PID 19184 (C:\Users\anyti\IdeaProjects\TogetUp_Server\build\classes\java\main started by anyti in C:\Users\anyti\IdeaProjects\TogetUp_Server)]- Starting TogetUpApplication using Java 11.0.19 on DESKTOP-1G8QNHU with PID 19184 (C:\Users\anyti\IdeaProjects\TogetUp_Server\build\classes\java\main started by anyti in C:\Users\anyti\IdeaProjects\TogetUp_Server)
01:15:42.266 INFO  [File:SpringApplication.java] [Func:logStartupProfileInfo] [Line:637] [Message:The following 2 profiles are active: "oauth", "local2"]- The following 2 profiles are active: "oauth", "local2"
01:15:46.990 INFO  [File:StartupInfoLogger.java] [Func:logStarted] [Line:61] [Message:Started TogetUpApplication in 5.067 seconds (JVM running for 6.509)]- Started TogetUpApplication in 5.067 seconds (JVM running for 6.509)
01:17:12.191 INFO  [File:StartupInfoLogger.java] [Func:logStarting] [Line:55] [Message:Starting TogetUpApplicationTests using Java 11.0.19 on DESKTOP-1G8QNHU with PID 26192 (started by anyti in C:\Users\anyti\IdeaProjects\TogetUp_Server)]- Starting TogetUpApplicationTests using Java 11.0.19 on DESKTOP-1G8QNHU with PID 26192 (started by anyti in C:\Users\anyti\IdeaProjects\TogetUp_Server)
01:17:12.194 INFO  [File:SpringApplication.java] [Func:logStartupProfileInfo] [Line:637] [Message:The following 2 profiles are active: "oauth", "dev"]- The following 2 profiles are active: "oauth", "dev"
01:17:21.891 INFO  [File:StartupInfoLogger.java] [Func:logStarted] [Line:61] [Message:Started TogetUpApplicationTests in 10.109 seconds (JVM running for 12.502)]- Started TogetUpApplicationTests in 10.109 seconds (JVM running for 12.502)
01:17:22.145 INFO  [File:StartupInfoLogger.java] [Func:logStarting] [Line:55] [Message:Starting AlarmControllerTest using Java 11.0.19 on DESKTOP-1G8QNHU with PID 26192 (started by anyti in C:\Users\anyti\IdeaProjects\TogetUp_Server)]- Starting AlarmControllerTest using Java 11.0.19 on DESKTOP-1G8QNHU with PID 26192 (started by anyti in C:\Users\anyti\IdeaProjects\TogetUp_Server)
01:17:22.146 INFO  [File:SpringApplication.java] [Func:logStartupProfileInfo] [Line:637] [Message:The following 2 profiles are active: "oauth", "dev"]- The following 2 profiles are active: "oauth", "dev"
01:17:23.411 INFO  [File:StartupInfoLogger.java] [Func:logStarted] [Line:61] [Message:Started AlarmControllerTest in 1.313 seconds (JVM running for 14.021)]- Started AlarmControllerTest in 1.313 seconds (JVM running for 14.021)
20:48:01.063 INFO  [File:StartupInfoLogger.java] [Func:logStarting] [Line:55] [Message:Starting TogetUpApplication using Java 11.0.19 on DESKTOP-1G8QNHU with PID 22708 (C:\Users\anyti\IdeaProjects\TogetUp_Server\build\classes\java\main started by anyti in C:\Users\anyti\IdeaProjects\TogetUp_Server)]- Starting TogetUpApplication using Java 11.0.19 on DESKTOP-1G8QNHU with PID 22708 (C:\Users\anyti\IdeaProjects\TogetUp_Server\build\classes\java\main started by anyti in C:\Users\anyti\IdeaProjects\TogetUp_Server)
20:48:01.065 INFO  [File:SpringApplication.java] [Func:logStartupProfileInfo] [Line:637] [Message:The following 2 profiles are active: "oauth", "local2"]- The following 2 profiles are active: "oauth", "local2"
20:48:13.304 INFO  [File:StartupInfoLogger.java] [Func:logStarted] [Line:61] [Message:Started TogetUpApplication in 13.162 seconds (JVM running for 17.422)]- Started TogetUpApplication in 13.162 seconds (JVM running for 17.422)
20:49:26.050 ERROR [File:GlobalExceptionHandler.java] [Func:handleServerException] [Line:63] [Message:Unexpected exception occurred: Required request part 'missionImage' is not present]- Unexpected exception occurred: Required request part 'missionImage' is not present
org.springframework.web.multipart.support.MissingServletRequestPartException: Required request part 'missionImage' is not present
	at org.springframework.web.servlet.mvc.method.annotation.RequestPartMethodArgumentResolver.resolveArgument(RequestPartMethodArgumentResolver.java:166)
	at org.springframework.web.method.support.HandlerMethodArgumentResolverComposite.resolveArgument(HandlerMethodArgumentResolverComposite.java:122)
	at org.springframework.web.method.support.InvocableHandlerMethod.getMethodArgumentValues(InvocableHandlerMethod.java:179)
	at org.springframework.web.method.support.InvocableHandlerMethod.invokeForRequest(InvocableHandlerMethod.java:146)
	at org.springframework.web.servlet.mvc.method.annotation.ServletInvocableHandlerMethod.invokeAndHandle(ServletInvocableHandlerMethod.java:117)
	at org.springframework.web.servlet.mvc.method.annotation.RequestMappingHandlerAdapter.invokeHandlerMethod(RequestMappingHandlerAdapter.java:895)
	at org.springframework.web.servlet.mvc.method.annotation.RequestMappingHandlerAdapter.handleInternal(RequestMappingHandlerAdapter.java:808)
	at org.springframework.web.servlet.mvc.method.AbstractHandlerMethodAdapter.handle(AbstractHandlerMethodAdapter.java:87)
	at org.springframework.web.servlet.DispatcherServlet.doDispatch(DispatcherServlet.java:1072)
	at org.springframework.web.servlet.DispatcherServlet.doService(DispatcherServlet.java:965)
	at org.springframework.web.servlet.FrameworkServlet.processRequest(FrameworkServlet.java:1006)
	at org.springframework.web.servlet.FrameworkServlet.doPost(FrameworkServlet.java:909)
	at javax.servlet.http.HttpServlet.service(HttpServlet.java:528)
	at org.springframework.web.servlet.FrameworkServlet.service(FrameworkServlet.java:883)
	at javax.servlet.http.HttpServlet.service(HttpServlet.java:596)
	at org.apache.catalina.core.ApplicationFilterChain.internalDoFilter(ApplicationFilterChain.java:209)
	at org.apache.catalina.core.ApplicationFilterChain.doFilter(ApplicationFilterChain.java:153)
	at org.apache.tomcat.websocket.server.WsFilter.doFilter(WsFilter.java:53)
	at org.apache.catalina.core.ApplicationFilterChain.internalDoFilter(ApplicationFilterChain.java:178)
	at org.apache.catalina.core.ApplicationFilterChain.doFilter(ApplicationFilterChain.java:153)
	at org.springframework.security.web.FilterChainProxy$VirtualFilterChain.doFilter(FilterChainProxy.java:337)
	at org.springframework.security.web.access.ExceptionTranslationFilter.doFilter(ExceptionTranslationFilter.java:122)
	at org.springframework.security.web.access.ExceptionTranslationFilter.doFilter(ExceptionTranslationFilter.java:116)
	at org.springframework.security.web.FilterChainProxy$VirtualFilterChain.doFilter(FilterChainProxy.java:346)
	at org.springframework.security.web.session.SessionManagementFilter.doFilter(SessionManagementFilter.java:126)
	at org.springframework.security.web.session.SessionManagementFilter.doFilter(SessionManagementFilter.java:81)
	at org.springframework.security.web.FilterChainProxy$VirtualFilterChain.doFilter(FilterChainProxy.java:346)
	at org.springframework.security.web.authentication.AnonymousAuthenticationFilter.doFilter(AnonymousAuthenticationFilter.java:109)
	at org.springframework.security.web.FilterChainProxy$VirtualFilterChain.doFilter(FilterChainProxy.java:346)
	at org.springframework.security.web.servletapi.SecurityContextHolderAwareRequestFilter.doFilter(SecurityContextHolderAwareRequestFilter.java:149)
	at org.springframework.security.web.FilterChainProxy$VirtualFilterChain.doFilter(FilterChainProxy.java:346)
	at org.springframework.security.web.savedrequest.RequestCacheAwareFilter.doFilter(RequestCacheAwareFilter.java:63)
	at org.springframework.security.web.FilterChainProxy$VirtualFilterChain.doFilter(FilterChainProxy.java:346)
	at org.springframework.security.web.authentication.logout.LogoutFilter.doFilter(LogoutFilter.java:103)
	at org.springframework.security.web.authentication.logout.LogoutFilter.doFilter(LogoutFilter.java:89)
	at org.springframework.security.web.FilterChainProxy$VirtualFilterChain.doFilter(FilterChainProxy.java:346)
	at org.springframework.web.filter.CorsFilter.doFilterInternal(CorsFilter.java:91)
	at org.springframework.web.filter.OncePerRequestFilter.doFilter(OncePerRequestFilter.java:117)
	at org.springframework.security.web.FilterChainProxy$VirtualFilterChain.doFilter(FilterChainProxy.java:346)
	at org.springframework.security.web.header.HeaderWriterFilter.doHeadersAfter(HeaderWriterFilter.java:90)
	at org.springframework.security.web.header.HeaderWriterFilter.doFilterInternal(HeaderWriterFilter.java:75)
	at org.springframework.web.filter.OncePerRequestFilter.doFilter(OncePerRequestFilter.java:117)
	at org.springframework.security.web.FilterChainProxy$VirtualFilterChain.doFilter(FilterChainProxy.java:346)
	at org.springframework.security.web.context.SecurityContextPersistenceFilter.doFilter(SecurityContextPersistenceFilter.java:112)
	at org.springframework.security.web.context.SecurityContextPersistenceFilter.doFilter(SecurityContextPersistenceFilter.java:82)
	at org.springframework.security.web.FilterChainProxy$VirtualFilterChain.doFilter(FilterChainProxy.java:346)
	at org.springframework.security.web.context.request.async.WebAsyncManagerIntegrationFilter.doFilterInternal(WebAsyncManagerIntegrationFilter.java:55)
	at org.springframework.web.filter.OncePerRequestFilter.doFilter(OncePerRequestFilter.java:117)
	at org.springframework.security.web.FilterChainProxy$VirtualFilterChain.doFilter(FilterChainProxy.java:346)
	at org.springframework.security.web.session.DisableEncodeUrlFilter.doFilterInternal(DisableEncodeUrlFilter.java:42)
	at org.springframework.web.filter.OncePerRequestFilter.doFilter(OncePerRequestFilter.java:117)
	at org.springframework.security.web.FilterChainProxy$VirtualFilterChain.doFilter(FilterChainProxy.java:346)
	at org.springframework.security.web.FilterChainProxy.doFilterInternal(FilterChainProxy.java:221)
	at org.springframework.security.web.FilterChainProxy.doFilter(FilterChainProxy.java:186)
	at org.springframework.web.filter.DelegatingFilterProxy.invokeDelegate(DelegatingFilterProxy.java:354)
	at org.springframework.web.filter.DelegatingFilterProxy.doFilter(DelegatingFilterProxy.java:267)
	at org.apache.catalina.core.ApplicationFilterChain.internalDoFilter(ApplicationFilterChain.java:178)
	at org.apache.catalina.core.ApplicationFilterChain.doFilter(ApplicationFilterChain.java:153)
	at org.springframework.web.filter.RequestContextFilter.doFilterInternal(RequestContextFilter.java:100)
	at org.springframework.web.filter.OncePerRequestFilter.doFilter(OncePerRequestFilter.java:117)
	at org.apache.catalina.core.ApplicationFilterChain.internalDoFilter(ApplicationFilterChain.java:178)
	at org.apache.catalina.core.ApplicationFilterChain.doFilter(ApplicationFilterChain.java:153)
	at org.springframework.web.filter.FormContentFilter.doFilterInternal(FormContentFilter.java:93)
	at org.springframework.web.filter.OncePerRequestFilter.doFilter(OncePerRequestFilter.java:117)
	at org.apache.catalina.core.ApplicationFilterChain.internalDoFilter(ApplicationFilterChain.java:178)
	at org.apache.catalina.core.ApplicationFilterChain.doFilter(ApplicationFilterChain.java:153)
	at org.springframework.web.filter.HiddenHttpMethodFilter.doFilterInternal(HiddenHttpMethodFilter.java:94)
	at org.springframework.web.filter.OncePerRequestFilter.doFilter(OncePerRequestFilter.java:117)
	at org.apache.catalina.core.ApplicationFilterChain.internalDoFilter(ApplicationFilterChain.java:178)
	at org.apache.catalina.core.ApplicationFilterChain.doFilter(ApplicationFilterChain.java:153)
	at org.springframework.web.filter.CharacterEncodingFilter.doFilterInternal(CharacterEncodingFilter.java:201)
	at org.springframework.web.filter.OncePerRequestFilter.doFilter(OncePerRequestFilter.java:117)
	at org.apache.catalina.core.ApplicationFilterChain.internalDoFilter(ApplicationFilterChain.java:178)
	at org.apache.catalina.core.ApplicationFilterChain.doFilter(ApplicationFilterChain.java:153)
	at org.apache.catalina.core.StandardWrapperValve.invoke(StandardWrapperValve.java:167)
	at org.apache.catalina.core.StandardContextValve.invoke(StandardContextValve.java:90)
	at org.apache.catalina.authenticator.AuthenticatorBase.invoke(AuthenticatorBase.java:492)
	at org.apache.catalina.core.StandardHostValve.invoke(StandardHostValve.java:130)
	at org.apache.catalina.valves.ErrorReportValve.invoke(ErrorReportValve.java:93)
	at org.apache.catalina.core.StandardEngineValve.invoke(StandardEngineValve.java:74)
	at org.apache.catalina.connector.CoyoteAdapter.service(CoyoteAdapter.java:343)
	at org.apache.coyote.http11.Http11Processor.service(Http11Processor.java:389)
	at org.apache.coyote.AbstractProcessorLight.process(AbstractProcessorLight.java:63)
	at org.apache.coyote.AbstractProtocol$ConnectionHandler.process(AbstractProtocol.java:926)
	at org.apache.tomcat.util.net.NioEndpoint$SocketProcessor.doRun(NioEndpoint.java:1791)
	at org.apache.tomcat.util.net.SocketProcessorBase.run(SocketProcessorBase.java:49)
	at org.apache.tomcat.util.threads.ThreadPoolExecutor.runWorker(ThreadPoolExecutor.java:1191)
	at org.apache.tomcat.util.threads.ThreadPoolExecutor$Worker.run(ThreadPoolExecutor.java:659)
	at org.apache.tomcat.util.threads.TaskThread$WrappingRunnable.run(TaskThread.java:61)
	at java.base/java.lang.Thread.run(Thread.java:829)
20:52:07.466 INFO  [File:StartupInfoLogger.java] [Func:logStarting] [Line:55] [Message:Starting TogetUpApplicationTests using Java 11.0.19 on DESKTOP-1G8QNHU with PID 26688 (started by anyti in C:\Users\anyti\IdeaProjects\TogetUp_Server)]- Starting TogetUpApplicationTests using Java 11.0.19 on DESKTOP-1G8QNHU with PID 26688 (started by anyti in C:\Users\anyti\IdeaProjects\TogetUp_Server)
20:52:07.484 INFO  [File:SpringApplication.java] [Func:logStartupProfileInfo] [Line:637] [Message:The following 2 profiles are active: "oauth", "dev"]- The following 2 profiles are active: "oauth", "dev"
20:52:21.631 INFO  [File:StartupInfoLogger.java] [Func:logStarting] [Line:55] [Message:Starting AlarmControllerTest using Java 11.0.19 on DESKTOP-1G8QNHU with PID 26688 (started by anyti in C:\Users\anyti\IdeaProjects\TogetUp_Server)]- Starting AlarmControllerTest using Java 11.0.19 on DESKTOP-1G8QNHU with PID 26688 (started by anyti in C:\Users\anyti\IdeaProjects\TogetUp_Server)
20:52:21.632 INFO  [File:SpringApplication.java] [Func:logStartupProfileInfo] [Line:637] [Message:The following 2 profiles are active: "oauth", "dev"]- The following 2 profiles are active: "oauth", "dev"
20:52:28.222 INFO  [File:StartupInfoLogger.java] [Func:logStarted] [Line:61] [Message:Started AlarmControllerTest in 6.706 seconds (JVM running for 29.37)]- Started AlarmControllerTest in 6.706 seconds (JVM running for 29.37)
20:58:18.987 INFO  [File:StartupInfoLogger.java] [Func:logStarting] [Line:55] [Message:Starting TogetUpApplicationTests using Java 11.0.19 on DESKTOP-1G8QNHU with PID 4108 (started by anyti in C:\Users\anyti\IdeaProjects\TogetUp_Server)]- Starting TogetUpApplicationTests using Java 11.0.19 on DESKTOP-1G8QNHU with PID 4108 (started by anyti in C:\Users\anyti\IdeaProjects\TogetUp_Server)
20:58:19.004 INFO  [File:SpringApplication.java] [Func:logStartupProfileInfo] [Line:637] [Message:The following 2 profiles are active: "oauth", "dev"]- The following 2 profiles are active: "oauth", "dev"
20:58:45.836 INFO  [File:StartupInfoLogger.java] [Func:logStarted] [Line:61] [Message:Started TogetUpApplicationTests in 28.792 seconds (JVM running for 34.621)]- Started TogetUpApplicationTests in 28.792 seconds (JVM running for 34.621)
20:58:46.390 INFO  [File:StartupInfoLogger.java] [Func:logStarting] [Line:55] [Message:Starting AlarmControllerTest using Java 11.0.19 on DESKTOP-1G8QNHU with PID 4108 (started by anyti in C:\Users\anyti\IdeaProjects\TogetUp_Server)]- Starting AlarmControllerTest using Java 11.0.19 on DESKTOP-1G8QNHU with PID 4108 (started by anyti in C:\Users\anyti\IdeaProjects\TogetUp_Server)
20:58:46.393 INFO  [File:SpringApplication.java] [Func:logStartupProfileInfo] [Line:637] [Message:The following 2 profiles are active: "oauth", "dev"]- The following 2 profiles are active: "oauth", "dev"
20:58:49.866 INFO  [File:StartupInfoLogger.java] [Func:logStarted] [Line:61] [Message:Started AlarmControllerTest in 3.611 seconds (JVM running for 38.651)]- Started AlarmControllerTest in 3.611 seconds (JVM running for 38.651)
